# JRE version: OpenJDK Runtime Environment (11.0.15) (build 11.0.15+0-b2043.56-9505619)
# Java VM: OpenJDK 64-Bit Server VM (11.0.15+0-b2043.56-9505619, mixed mode, tiered, compressed oops, g1 gc, windows-amd64)
Heap:
 garbage-first heap   total 524288K, used 447928K [0x0000000080000000, 0x0000000100000000)
  region size 1024K, 211 young (216064K), 23 survivors (23552K)
 Metaspace       used 136743K, capacity 141248K, committed 141436K, reserved 1173504K
  class space    used 17022K, capacity 18625K, committed 18636K, reserved 1048576K
GC Heap History (20 events):
Event: 48.691 GC heap before
{Heap before GC invocations=73 (full 0):
 garbage-first heap   total 524288K, used 449802K [0x0000000080000000, 0x0000000100000000)
  region size 1024K, 307 young (314368K), 21 survivors (21504K)
 Metaspace       used 68890K, capacity 70862K, committed 71036K, reserved 1112064K
  class space    used 8566K, capacity 9354K, committed 9420K, reserved 1048576K
}
Event: 48.705 GC heap after
{Heap after GC invocations=74 (full 0):
 garbage-first heap   total 524288K, used 151006K [0x0000000080000000, 0x0000000100000000)
  region size 1024K, 22 young (22528K), 22 survivors (22528K)
 Metaspace       used 68890K, capacity 70862K, committed 71036K, reserved 1112064K
  class space    used 8566K, capacity 9354K, committed 9420K, reserved 1048576K
}
Event: 49.283 GC heap before
{Heap before GC invocations=74 (full 0):
 garbage-first heap   total 524288K, used 442846K [0x0000000080000000, 0x0000000100000000)
  region size 1024K, 307 young (314368K), 22 survivors (22528K)
 Metaspace       used 68902K, capacity 70926K, committed 71036K, reserved 1112064K
  class space    used 8566K, capacity 9354K, committed 9420K, reserved 1048576K
}
Event: 49.294 GC heap after
{Heap after GC invocations=75 (full 0):
 garbage-first heap   total 524288K, used 148167K [0x0000000080000000, 0x0000000100000000)
  region size 1024K, 5 young (5120K), 5 survivors (5120K)
 Metaspace       used 68902K, capacity 70926K, committed 71036K, reserved 1112064K
  class space    used 8566K, capacity 9354K, committed 9420K, reserved 1048576K
}
Event: 52.349 GC heap before
{Heap before GC invocations=75 (full 0):
 garbage-first heap   total 524288K, used 447175K [0x0000000080000000, 0x0000000100000000)
  region size 1024K, 289 young (295936K), 5 survivors (5120K)
 Metaspace       used 74615K, capacity 76698K, committed 76796K, reserved 1116160K
  class space    used 9271K, capacity 10118K, committed 10188K, reserved 1048576K
}
Event: 52.359 GC heap after
{Heap after GC invocations=76 (full 0):
 garbage-first heap   total 524288K, used 163527K [0x0000000080000000, 0x0000000100000000)
  region size 1024K, 12 young (12288K), 12 survivors (12288K)
 Metaspace       used 74615K, capacity 76698K, committed 76796K, reserved 1116160K
  class space    used 9271K, capacity 10118K, committed 10188K, reserved 1048576K
}
Event: 55.058 GC heap before
{Heap before GC invocations=77 (full 0):
 garbage-first heap   total 524288K, used 441031K [0x0000000080000000, 0x0000000100000000)
  region size 1024K, 295 young (302080K), 12 survivors (12288K)
 Metaspace       used 92848K, capacity 95264K, committed 95484K, reserved 1132544K
  class space    used 11837K, capacity 12794K, committed 12876K, reserved 1048576K
}
Event: 55.096 GC heap after
{Heap after GC invocations=78 (full 0):
 garbage-first heap   total 524288K, used 159273K [0x0000000080000000, 0x0000000100000000)
  region size 1024K, 28 young (28672K), 28 survivors (28672K)
 Metaspace       used 92848K, capacity 95264K, committed 95484K, reserved 1132544K
  class space    used 11837K, capacity 12794K, committed 12876K, reserved 1048576K
}
Event: 68.645 GC heap before
{Heap before GC invocations=79 (full 0):
 garbage-first heap   total 524288K, used 471593K [0x0000000080000000, 0x0000000100000000)
  region size 1024K, 304 young (311296K), 28 survivors (28672K)
 Metaspace       used 108000K, capacity 111043K, committed 111228K, reserved 1144832K
  class space    used 13814K, capacity 14952K, committed 15052K, reserved 1048576K
}
Event: 68.671 GC heap after
{Heap after GC invocations=80 (full 0):
 garbage-first heap   total 524288K, used 204721K [0x0000000080000000, 0x0000000100000000)
  region size 1024K, 32 young (32768K), 32 survivors (32768K)
 Metaspace       used 108000K, capacity 111043K, committed 111228K, reserved 1144832K
  class space    used 13814K, capacity 14952K, committed 15052K, reserved 1048576K
}
Event: 69.819 GC heap before
{Heap before GC invocations=80 (full 0):
 garbage-first heap   total 524288K, used 438193K [0x0000000080000000, 0x0000000100000000)
  region size 1024K, 260 young (266240K), 32 survivors (32768K)
 Metaspace       used 111632K, capacity 114751K, committed 114812K, reserved 1148928K
  class space    used 14338K, capacity 15507K, committed 15564K, reserved 1048576K
}
Event: 69.838 GC heap after
{Heap after GC invocations=81 (full 0):
 garbage-first heap   total 524288K, used 200702K [0x0000000080000000, 0x0000000100000000)
  region size 1024K, 14 young (14336K), 14 survivors (14336K)
 Metaspace       used 111632K, capacity 114751K, committed 114812K, reserved 1148928K
  class space    used 14338K, capacity 15507K, committed 15564K, reserved 1048576K
}
Event: 76.585 GC heap before
{Heap before GC invocations=81 (full 0):
 garbage-first heap   total 524288K, used 444414K [0x0000000080000000, 0x0000000100000000)
  region size 1024K, 253 young (259072K), 14 survivors (14336K)
 Metaspace       used 120737K, capacity 124056K, committed 124284K, reserved 1157120K
  class space    used 15253K, capacity 16534K, committed 16588K, reserved 1048576K
}
Event: 76.605 GC heap after
{Heap after GC invocations=82 (full 0):
 garbage-first heap   total 524288K, used 211454K [0x0000000080000000, 0x0000000100000000)
  region size 1024K, 25 young (25600K), 25 survivors (25600K)
 Metaspace       used 120737K, capacity 124056K, committed 124284K, reserved 1157120K
  class space    used 15253K, capacity 16534K, committed 16588K, reserved 1048576K
}
Event: 112.090 GC heap before
{Heap before GC invocations=82 (full 0):
 garbage-first heap   total 524288K, used 443902K [0x0000000080000000, 0x0000000100000000)
  region size 1024K, 253 young (259072K), 25 survivors (25600K)
 Metaspace       used 127939K, capacity 131658K, committed 131836K, reserved 1163264K
  class space    used 16060K, capacity 17406K, committed 17484K, reserved 1048576K
}
Event: 112.119 GC heap after
{Heap after GC invocations=83 (full 0):
 garbage-first heap   total 524288K, used 224581K [0x0000000080000000, 0x0000000100000000)
  region size 1024K, 25 young (25600K), 25 survivors (25600K)
 Metaspace       used 127939K, capacity 131658K, committed 131836K, reserved 1163264K
  class space    used 16060K, capacity 17406K, committed 17484K, reserved 1048576K
}
Event: 151.499 GC heap before
{Heap before GC invocations=83 (full 0):
 garbage-first heap   total 524288K, used 440645K [0x0000000080000000, 0x0000000100000000)
  region size 1024K, 236 young (241664K), 25 survivors (25600K)
 Metaspace       used 129500K, capacity 133645K, committed 133884K, reserved 1165312K
  class space    used 16210K, capacity 17685K, committed 17740K, reserved 1048576K
}
Event: 151.527 GC heap after
{Heap after GC invocations=84 (full 0):
 garbage-first heap   total 524288K, used 226146K [0x0000000080000000, 0x0000000100000000)
  region size 1024K, 17 young (17408K), 17 survivors (17408K)
 Metaspace       used 129500K, capacity 133645K, committed 133884K, reserved 1165312K
  class space    used 16210K, capacity 17685K, committed 17740K, reserved 1048576K
}
Event: 287.449 GC heap before
{Heap before GC invocations=84 (full 0):
 garbage-first heap   total 524288K, used 439138K [0x0000000080000000, 0x0000000100000000)
  region size 1024K, 226 young (231424K), 17 survivors (17408K)
 Metaspace       used 131602K, capacity 135873K, committed 135932K, reserved 1167360K
  class space    used 16419K, capacity 17940K, committed 17996K, reserved 1048576K
}
Event: 287.478 GC heap after
{Heap after GC invocations=85 (full 0):
 garbage-first heap   total 524288K, used 240056K [0x0000000080000000, 0x0000000100000000)
  region size 1024K, 23 young (23552K), 23 survivors (23552K)
 Metaspace       used 131602K, capacity 135873K, committed 135932K, reserved 1167360K
  class space    used 16419K, capacity 17940K, committed 17996K, reserved 1048576K
}

